This file contains any messages produced by compilers while
running configure, to aid debugging if configure makes a mistake.

It was created by stellar-core configure 0.1, which was
generated by GNU Autoconf 2.69.  Invocation command line was

  $ ./configure --enable-asan --enable-sdfprefs CXXFLAGS=-w

## --------- ##
## Platform. ##
## --------- ##

hostname = ubuntu
uname -m = x86_64
uname -r = 4.4.0-131-generic
uname -s = Linux
uname -v = #157-Ubuntu SMP Thu Jul 12 15:51:36 UTC 2018

/usr/bin/uname -p = unknown
/bin/uname -X     = unknown

/bin/arch              = unknown
/usr/bin/arch -k       = unknown
/usr/convex/getsysinfo = unknown
/usr/bin/hostinfo      = unknown
/bin/machine           = unknown
/usr/bin/oslevel       = unknown
/bin/universe          = unknown

PATH: /usr/local/sbin
PATH: /usr/local/bin
PATH: /usr/sbin
PATH: /usr/bin
PATH: /sbin
PATH: /bin
PATH: /snap/bin


## ----------- ##
## Core tests. ##
## ----------- ##

configure:2414: checking for a BSD-compatible install
configure:2482: result: /usr/bin/install -c
configure:2493: checking whether build environment is sane
configure:2548: result: yes
configure:2699: checking for a thread-safe mkdir -p
configure:2738: result: /bin/mkdir -p
configure:2745: checking for gawk
configure:2761: found /usr/bin/gawk
configure:2772: result: gawk
configure:2783: checking whether make sets $(MAKE)
configure:2805: result: yes
configure:2834: checking whether make supports nested variables
configure:2851: result: yes
configure:2940: checking whether UID '0' is supported by ustar format
configure:2943: result: yes
configure:2950: checking whether GID '0' is supported by ustar format
configure:2953: result: yes
configure:2961: checking how to create a ustar tar archive
configure:2972: tar --version
tar (GNU tar) 1.28
Copyright (C) 2014 Free Software Foundation, Inc.
License GPLv3+: GNU GPL version 3 or later <http://gnu.org/licenses/gpl.html>.
This is free software: you are free to change and redistribute it.
There is NO WARRANTY, to the extent permitted by law.

Written by John Gilmore and Jay Fenlason.
configure:2975: $? = 0
configure:3015: tardir=conftest.dir && eval tar --format=ustar -chf - "$tardir" >conftest.tar
configure:3018: $? = 0
configure:3022: tar -xf - <conftest.tar
configure:3025: $? = 0
configure:3027: cat conftest.dir/file
GrepMe
configure:3030: $? = 0
configure:3043: result: gnutar
configure:3170: checking for clang
configure:3186: found /usr/bin/clang
configure:3197: result: clang
configure:3228: checking for C compiler version
configure:3237: clang --version >&5
clang version 3.8.0-2ubuntu4 (tags/RELEASE_380/final)
Target: x86_64-pc-linux-gnu
Thread model: posix
InstalledDir: /usr/bin
configure:3248: $? = 0
configure:3237: clang -v >&5
clang version 3.8.0-2ubuntu4 (tags/RELEASE_380/final)
Target: x86_64-pc-linux-gnu
Thread model: posix
InstalledDir: /usr/bin
Found candidate GCC installation: /usr/bin/../lib/gcc/x86_64-linux-gnu/5.5.0
Found candidate GCC installation: /usr/bin/../lib/gcc/x86_64-linux-gnu/6.5.0
Found candidate GCC installation: /usr/bin/../lib/gcc/x86_64-linux-gnu/7.4.0
Found candidate GCC installation: /usr/lib/gcc/x86_64-linux-gnu/5.5.0
Found candidate GCC installation: /usr/lib/gcc/x86_64-linux-gnu/6.5.0
Found candidate GCC installation: /usr/lib/gcc/x86_64-linux-gnu/7.4.0
... rest of stderr output deleted ...
configure:3248: $? = 0
configure:3237: clang -V >&5
clang: error: argument to '-V' is missing (expected 1 value)
clang: error: no input files
configure:3248: $? = 1
configure:3237: clang -qversion >&5
clang: error: unknown argument: '-qversion'
clang: error: no input files
configure:3248: $? = 1
configure:3268: checking whether the C compiler works
configure:3290: clang -g -O2   conftest.c  >&5
configure:3294: $? = 0
configure:3342: result: yes
configure:3345: checking for C compiler default output file name
configure:3347: result: a.out
configure:3353: checking for suffix of executables
configure:3360: clang -o conftest -g -O2   conftest.c  >&5
configure:3364: $? = 0
configure:3386: result: 
configure:3408: checking whether we are cross compiling
configure:3416: clang -o conftest -g -O2   conftest.c  >&5
configure:3420: $? = 0
configure:3427: ./conftest
configure:3431: $? = 0
configure:3446: result: no
configure:3451: checking for suffix of object files
configure:3473: clang -c -g -O2  conftest.c >&5
configure:3477: $? = 0
configure:3498: result: o
configure:3502: checking whether we are using the GNU C compiler
configure:3521: clang -c -g -O2  conftest.c >&5
configure:3521: $? = 0
configure:3530: result: yes
configure:3539: checking whether clang accepts -g
configure:3559: clang -c -g  conftest.c >&5
configure:3559: $? = 0
configure:3600: result: yes
configure:3617: checking for clang option to accept ISO C89
configure:3680: clang  -c -g -O2  conftest.c >&5
configure:3680: $? = 0
configure:3693: result: none needed
configure:3718: checking whether clang understands -c and -o together
configure:3740: clang -c conftest.c -o conftest2.o
configure:3743: $? = 0
configure:3740: clang -c conftest.c -o conftest2.o
configure:3743: $? = 0
configure:3755: result: yes
configure:3783: checking for style of include used by make
configure:3811: result: GNU
configure:3837: checking dependency style of clang
configure:3948: result: gcc3
configure:4021: checking for clang++
configure:4037: found /usr/bin/clang++
configure:4048: result: clang++
configure:4075: checking for C++ compiler version
configure:4084: clang++ --version >&5
clang version 3.8.0-2ubuntu4 (tags/RELEASE_380/final)
Target: x86_64-pc-linux-gnu
Thread model: posix
InstalledDir: /usr/bin
configure:4095: $? = 0
configure:4084: clang++ -v >&5
clang version 3.8.0-2ubuntu4 (tags/RELEASE_380/final)
Target: x86_64-pc-linux-gnu
Thread model: posix
InstalledDir: /usr/bin
Found candidate GCC installation: /usr/bin/../lib/gcc/x86_64-linux-gnu/5.5.0
Found candidate GCC installation: /usr/bin/../lib/gcc/x86_64-linux-gnu/6.5.0
Found candidate GCC installation: /usr/bin/../lib/gcc/x86_64-linux-gnu/7.4.0
Found candidate GCC installation: /usr/lib/gcc/x86_64-linux-gnu/5.5.0
Found candidate GCC installation: /usr/lib/gcc/x86_64-linux-gnu/6.5.0
Found candidate GCC installation: /usr/lib/gcc/x86_64-linux-gnu/7.4.0
... rest of stderr output deleted ...
configure:4095: $? = 0
configure:4084: clang++ -V >&5
clang: error: argument to '-V' is missing (expected 1 value)
clang: error: no input files
configure:4095: $? = 1
configure:4084: clang++ -qversion >&5
clang: error: unknown argument: '-qversion'
clang: error: no input files
configure:4095: $? = 1
configure:4099: checking whether we are using the GNU C++ compiler
configure:4118: clang++ -c -w  conftest.cpp >&5
configure:4118: $? = 0
configure:4127: result: yes
configure:4136: checking whether clang++ accepts -g
configure:4156: clang++ -c -g  conftest.cpp >&5
configure:4156: $? = 0
configure:4197: result: yes
configure:4222: checking dependency style of clang++
configure:4333: result: gcc3
configure:4398: checking for ar
configure:4414: found /usr/bin/ar
configure:4425: result: ar
configure:4451: checking the archiver (ar) interface
configure:4467: clang -c -g -O2  conftest.c >&5
configure:4467: $? = 0
configure:4469: ar cru libconftest.a conftest.o >&5
ar: `u' modifier ignored since `D' is the default (see `U')
configure:4472: $? = 0
configure:4500: result: ar
configure:4551: checking build system type
configure:4565: result: x86_64-pc-linux-gnu
configure:4585: checking host system type
configure:4598: result: x86_64-pc-linux-gnu
configure:4639: checking how to print strings
configure:4666: result: printf
configure:4687: checking for a sed that does not truncate output
configure:4751: result: /bin/sed
configure:4769: checking for grep that handles long lines and -e
configure:4827: result: /bin/grep
configure:4832: checking for egrep
configure:4894: result: /bin/grep -E
configure:4899: checking for fgrep
configure:4961: result: /bin/grep -F
configure:4996: checking for ld used by clang
configure:5063: result: /usr/bin/ld
configure:5070: checking if the linker (/usr/bin/ld) is GNU ld
configure:5085: result: yes
configure:5097: checking for BSD- or MS-compatible name lister (nm)
configure:5151: result: /usr/bin/nm -B
configure:5281: checking the name lister (/usr/bin/nm -B) interface
configure:5288: clang -c -g -O2  conftest.c >&5
configure:5291: /usr/bin/nm -B "conftest.o"
configure:5294: output
0000000000000000 B some_variable
configure:5301: result: BSD nm
configure:5304: checking whether ln -s works
configure:5308: result: yes
configure:5316: checking the maximum length of command line arguments
configure:5447: result: 1572864
configure:5495: checking how to convert x86_64-pc-linux-gnu file names to x86_64-pc-linux-gnu format
configure:5535: result: func_convert_file_noop
configure:5542: checking how to convert x86_64-pc-linux-gnu file names to toolchain format
configure:5562: result: func_convert_file_noop
configure:5569: checking for /usr/bin/ld option to reload object files
configure:5576: result: -r
configure:5650: checking for objdump
configure:5666: found /usr/bin/objdump
configure:5677: result: objdump
configure:5709: checking how to recognize dependent libraries
configure:5909: result: pass_all
configure:5994: checking for dlltool
configure:6024: result: no
configure:6054: checking how to associate runtime and link libraries
configure:6081: result: printf %s\n
configure:6205: checking for archiver @FILE support
configure:6222: clang -c -g -O2  conftest.c >&5
configure:6222: $? = 0
configure:6225: ar cru libconftest.a @conftest.lst >&5
ar: `u' modifier ignored since `D' is the default (see `U')
configure:6228: $? = 0
configure:6233: ar cru libconftest.a @conftest.lst >&5
ar: `u' modifier ignored since `D' is the default (see `U')
ar: conftest.o: No such file or directory
configure:6236: $? = 1
configure:6248: result: @
configure:6306: checking for strip
configure:6322: found /usr/bin/strip
configure:6333: result: strip
configure:6405: checking for ranlib
configure:6421: found /usr/bin/ranlib
configure:6432: result: ranlib
configure:6534: checking command to parse /usr/bin/nm -B output from clang object
configure:6687: clang -c -g -O2  conftest.c >&5
configure:6690: $? = 0
configure:6694: /usr/bin/nm -B conftest.o \| sed -n -e 's/^.*[ ]\([ABCDGIRSTW][ABCDGIRSTW]*\)[ ][ ]*\([_A-Za-z][_A-Za-z0-9]*\)$/\1 \2 \2/p' | sed '/ __gnu_lto/d' \> conftest.nm
configure:6697: $? = 0
configure:6763: clang -o conftest -g -O2   conftest.c conftstm.o >&5
configure:6766: $? = 0
configure:6804: result: ok
configure:6851: checking for sysroot
configure:6881: result: no
configure:6888: checking for a working dd
configure:6926: result: /bin/dd
configure:6930: checking how to truncate binary pipes
configure:6945: result: /bin/dd bs=4096 count=1
configure:7081: clang -c -g -O2  conftest.c >&5
configure:7084: $? = 0
configure:7274: checking for mt
configure:7290: found /bin/mt
configure:7301: result: mt
configure:7324: checking if mt is a manifest tool
configure:7330: mt '-?'
configure:7338: result: no
configure:8015: checking how to run the C preprocessor
configure:8046: clang -E  conftest.c
configure:8046: $? = 0
configure:8060: clang -E  conftest.c
conftest.c:11:10: fatal error: 'ac_nonexistent.h' file not found
#include <ac_nonexistent.h>
         ^
1 error generated.
configure:8060: $? = 1
configure: failed program was:
| /* confdefs.h */
| #define PACKAGE_NAME "stellar-core"
| #define PACKAGE_TARNAME "stellar-core"
| #define PACKAGE_VERSION "0.1"
| #define PACKAGE_STRING "stellar-core 0.1"
| #define PACKAGE_BUGREPORT ""
| #define PACKAGE_URL "http://www.stellar.org"
| #define PACKAGE "stellar-core"
| #define VERSION "0.1"
| /* end confdefs.h.  */
| #include <ac_nonexistent.h>
configure:8085: result: clang -E
configure:8105: clang -E  conftest.c
configure:8105: $? = 0
configure:8119: clang -E  conftest.c
conftest.c:11:10: fatal error: 'ac_nonexistent.h' file not found
#include <ac_nonexistent.h>
         ^
1 error generated.
configure:8119: $? = 1
configure: failed program was:
| /* confdefs.h */
| #define PACKAGE_NAME "stellar-core"
| #define PACKAGE_TARNAME "stellar-core"
| #define PACKAGE_VERSION "0.1"
| #define PACKAGE_STRING "stellar-core 0.1"
| #define PACKAGE_BUGREPORT ""
| #define PACKAGE_URL "http://www.stellar.org"
| #define PACKAGE "stellar-core"
| #define VERSION "0.1"
| /* end confdefs.h.  */
| #include <ac_nonexistent.h>
configure:8148: checking for ANSI C header files
configure:8168: clang -c -g -O2  conftest.c >&5
configure:8168: $? = 0
configure:8241: clang -o conftest -g -O2   conftest.c  >&5
configure:8241: $? = 0
configure:8241: ./conftest
configure:8241: $? = 0
configure:8252: result: yes
configure:8265: checking for sys/types.h
configure:8265: clang -c -g -O2  conftest.c >&5
configure:8265: $? = 0
configure:8265: result: yes
configure:8265: checking for sys/stat.h
configure:8265: clang -c -g -O2  conftest.c >&5
configure:8265: $? = 0
configure:8265: result: yes
configure:8265: checking for stdlib.h
configure:8265: clang -c -g -O2  conftest.c >&5
configure:8265: $? = 0
configure:8265: result: yes
configure:8265: checking for string.h
configure:8265: clang -c -g -O2  conftest.c >&5
configure:8265: $? = 0
configure:8265: result: yes
configure:8265: checking for memory.h
configure:8265: clang -c -g -O2  conftest.c >&5
configure:8265: $? = 0
configure:8265: result: yes
configure:8265: checking for strings.h
configure:8265: clang -c -g -O2  conftest.c >&5
configure:8265: $? = 0
configure:8265: result: yes
configure:8265: checking for inttypes.h
configure:8265: clang -c -g -O2  conftest.c >&5
configure:8265: $? = 0
configure:8265: result: yes
configure:8265: checking for stdint.h
configure:8265: clang -c -g -O2  conftest.c >&5
configure:8265: $? = 0
configure:8265: result: yes
configure:8265: checking for unistd.h
configure:8265: clang -c -g -O2  conftest.c >&5
configure:8265: $? = 0
configure:8265: result: yes
configure:8279: checking for dlfcn.h
configure:8279: clang -c -g -O2  conftest.c >&5
configure:8279: $? = 0
configure:8279: result: yes
configure:8545: checking for objdir
configure:8560: result: .libs
configure:8824: checking if clang supports -fno-rtti -fno-exceptions
configure:8842: clang -c -g -O2  -fno-rtti -fno-exceptions conftest.c >&5
configure:8846: $? = 0
configure:8859: result: yes
configure:9217: checking for clang option to produce PIC
configure:9224: result: -fPIC -DPIC
configure:9232: checking if clang PIC flag -fPIC -DPIC works
configure:9250: clang -c -g -O2  -fPIC -DPIC -DPIC conftest.c >&5
configure:9254: $? = 0
configure:9267: result: yes
configure:9296: checking if clang static flag -static works
configure:9324: result: yes
configure:9339: checking if clang supports -c -o file.o
configure:9360: clang -c -g -O2  -o out/conftest2.o conftest.c >&5
configure:9364: $? = 0
configure:9386: result: yes
configure:9394: checking if clang supports -c -o file.o
configure:9441: result: yes
configure:9474: checking whether the clang linker (/usr/bin/ld -m elf_x86_64) supports shared libraries
configure:10737: result: yes
configure:10977: checking dynamic linker characteristics
configure:11558: clang -o conftest -g -O2   -Wl,-rpath -Wl,/foo conftest.c  >&5
configure:11558: $? = 0
configure:11807: result: GNU/Linux ld.so
configure:11929: checking how to hardcode library paths into programs
configure:11954: result: immediate
configure:12502: checking whether stripping libraries is possible
configure:12507: result: yes
configure:12542: checking if libtool supports shared libraries
configure:12544: result: yes
configure:12547: checking whether to build shared libraries
configure:12572: result: no
configure:12575: checking whether to build static libraries
configure:12579: result: yes
configure:12602: checking how to run the C++ preprocessor
configure:12629: clang++ -E  conftest.cpp
configure:12629: $? = 0
configure:12643: clang++ -E  conftest.cpp
conftest.cpp:23:10: fatal error: 'ac_nonexistent.h' file not found
#include <ac_nonexistent.h>
         ^
1 error generated.
configure:12643: $? = 1
configure: failed program was:
| /* confdefs.h */
| #define PACKAGE_NAME "stellar-core"
| #define PACKAGE_TARNAME "stellar-core"
| #define PACKAGE_VERSION "0.1"
| #define PACKAGE_STRING "stellar-core 0.1"
| #define PACKAGE_BUGREPORT ""
| #define PACKAGE_URL "http://www.stellar.org"
| #define PACKAGE "stellar-core"
| #define VERSION "0.1"
| #define STDC_HEADERS 1
| #define HAVE_SYS_TYPES_H 1
| #define HAVE_SYS_STAT_H 1
| #define HAVE_STDLIB_H 1
| #define HAVE_STRING_H 1
| #define HAVE_MEMORY_H 1
| #define HAVE_STRINGS_H 1
| #define HAVE_INTTYPES_H 1
| #define HAVE_STDINT_H 1
| #define HAVE_UNISTD_H 1
| #define HAVE_DLFCN_H 1
| #define LT_OBJDIR ".libs/"
| /* end confdefs.h.  */
| #include <ac_nonexistent.h>
configure:12668: result: clang++ -E
configure:12688: clang++ -E  conftest.cpp
configure:12688: $? = 0
configure:12702: clang++ -E  conftest.cpp
conftest.cpp:23:10: fatal error: 'ac_nonexistent.h' file not found
#include <ac_nonexistent.h>
         ^
1 error generated.
configure:12702: $? = 1
configure: failed program was:
| /* confdefs.h */
| #define PACKAGE_NAME "stellar-core"
| #define PACKAGE_TARNAME "stellar-core"
| #define PACKAGE_VERSION "0.1"
| #define PACKAGE_STRING "stellar-core 0.1"
| #define PACKAGE_BUGREPORT ""
| #define PACKAGE_URL "http://www.stellar.org"
| #define PACKAGE "stellar-core"
| #define VERSION "0.1"
| #define STDC_HEADERS 1
| #define HAVE_SYS_TYPES_H 1
| #define HAVE_SYS_STAT_H 1
| #define HAVE_STDLIB_H 1
| #define HAVE_STRING_H 1
| #define HAVE_MEMORY_H 1
| #define HAVE_STRINGS_H 1
| #define HAVE_INTTYPES_H 1
| #define HAVE_STDINT_H 1
| #define HAVE_UNISTD_H 1
| #define HAVE_DLFCN_H 1
| #define LT_OBJDIR ".libs/"
| /* end confdefs.h.  */
| #include <ac_nonexistent.h>
configure:12864: checking for ld used by clang++
configure:12931: result: /usr/bin/ld -m elf_x86_64
configure:12938: checking if the linker (/usr/bin/ld -m elf_x86_64) is GNU ld
configure:12953: result: yes
configure:13008: checking whether the clang++ linker (/usr/bin/ld -m elf_x86_64) supports shared libraries
configure:14081: result: yes
configure:14117: clang++ -c -w  conftest.cpp >&5
configure:14120: $? = 0
configure:14601: checking for clang++ option to produce PIC
configure:14608: result: -fPIC -DPIC
configure:14616: checking if clang++ PIC flag -fPIC -DPIC works
configure:14634: clang++ -c -w  -fPIC -DPIC -DPIC conftest.cpp >&5
configure:14638: $? = 0
configure:14651: result: yes
configure:14674: checking if clang++ static flag -static works
configure:14702: result: yes
configure:14714: checking if clang++ supports -c -o file.o
configure:14735: clang++ -c -w  -o out/conftest2.o conftest.cpp >&5
configure:14739: $? = 0
configure:14761: result: yes
configure:14766: checking if clang++ supports -c -o file.o
configure:14813: result: yes
configure:14843: checking whether the clang++ linker (/usr/bin/ld -m elf_x86_64) supports shared libraries
configure:14886: result: yes
configure:15027: checking dynamic linker characteristics
configure:15784: result: GNU/Linux ld.so
configure:15849: checking how to hardcode library paths into programs
configure:15874: result: immediate
configure:15950: checking whether clang++ supports C++11 features by default
configure:15976: clang++ -c -w  conftest.cpp >&5
conftest.cpp:27:21: error: expected parameter declarator
      static_assert(sizeof(int) <= sizeof(T), "not big enough");
                    ^
conftest.cpp:27:21: error: expected ')'
conftest.cpp:27:20: note: to match this '('
      static_assert(sizeof(int) <= sizeof(T), "not big enough");
                   ^
conftest.cpp:27:7: error: C++ requires a type specifier for all declarations
      static_assert(sizeof(int) <= sizeof(T), "not big enough");
      ^
conftest.cpp:30:29: error: a space is required between consecutive right angle brackets (use '> >')
    typedef check<check<bool>> right_angle_brackets;
                            ^~
                            > >
conftest.cpp:33:5: error: unknown type name 'decltype'
    decltype(a) b;
    ^
conftest.cpp:33:16: error: expected ';' after top level declarator
    decltype(a) b;
               ^
               ;
6 errors generated.
configure:15976: $? = 1
configure: failed program was:
| /* confdefs.h */
| #define PACKAGE_NAME "stellar-core"
| #define PACKAGE_TARNAME "stellar-core"
| #define PACKAGE_VERSION "0.1"
| #define PACKAGE_STRING "stellar-core 0.1"
| #define PACKAGE_BUGREPORT ""
| #define PACKAGE_URL "http://www.stellar.org"
| #define PACKAGE "stellar-core"
| #define VERSION "0.1"
| #define STDC_HEADERS 1
| #define HAVE_SYS_TYPES_H 1
| #define HAVE_SYS_STAT_H 1
| #define HAVE_STDLIB_H 1
| #define HAVE_STRING_H 1
| #define HAVE_MEMORY_H 1
| #define HAVE_STRINGS_H 1
| #define HAVE_INTTYPES_H 1
| #define HAVE_STDINT_H 1
| #define HAVE_UNISTD_H 1
| #define HAVE_DLFCN_H 1
| #define LT_OBJDIR ".libs/"
| /* end confdefs.h.  */
| 
|   template <typename T>
|     struct check
|     {
|       static_assert(sizeof(int) <= sizeof(T), "not big enough");
|     };
| 
|     typedef check<check<bool>> right_angle_brackets;
| 
|     int a;
|     decltype(a) b;
| 
|     typedef check<int> check_type;
|     check_type c;
|     check_type&& cr = static_cast<check_type&&>(c);
| 
|     auto d = a;
| 
configure:15983: result: no
configure:15994: checking whether clang++ supports C++11 features with -std=c++11
configure:16022: clang++ -c -w -std=c++11  conftest.cpp >&5
configure:16022: $? = 0
configure:16031: result: yes
configure:16075: checking for clang >= 3.5
configure:16096: clang++ -c -w -std=c++11  conftest.cpp >&5
configure:16096: $? = 0
configure:16097: result: yes
configure:16136: checking for a sufficiently-new libstdc++
configure:16160: clang++ -c -w -std=c++11  conftest.cpp >&5
configure:16160: $? = 0
configure:16161: result: yes
configure:16176: checking whether C++ compiler accepts 
configure:16195: clang++ -c -w -std=c++11    conftest.cpp >&5
configure:16195: $? = 0
configure:16203: result: yes
configure:16221: : CXXFLAGS="$CXXFLAGS "
configure:16224: $? = 0
configure:16237: checking whether C++ compiler accepts -pthread
configure:16256: clang++ -c -w -std=c++11   -pthread  conftest.cpp >&5
configure:16256: $? = 0
configure:16265: result: yes
configure:16278: : CXXFLAGS="$CXXFLAGS $flag"
configure:16281: $? = 0
configure:16315: checking whether make supports nested variables
configure:16332: result: yes
configure:16354: checking whether C++ compiler accepts -Wall
configure:16373: clang++ -c -w -std=c++11  -pthread  -Wall  conftest.cpp >&5
configure:16373: $? = 0
configure:16382: result: yes
configure:16395: : CXXFLAGS="$CXXFLAGS $flag"
configure:16398: $? = 0
configure:16354: checking whether C++ compiler accepts -Wno-unused-command-line-argument
configure:16373: clang++ -c -w -std=c++11  -pthread -Wall  -Wno-unused-command-line-argument  conftest.cpp >&5
configure:16373: $? = 0
configure:16382: result: yes
configure:16395: : CXXFLAGS="$CXXFLAGS $flag"
configure:16398: $? = 0
configure:16354: checking whether C++ compiler accepts -Qunused-arguments
configure:16373: clang++ -c -w -std=c++11  -pthread -Wall -Wno-unused-command-line-argument  -Qunused-arguments  conftest.cpp >&5
configure:16373: $? = 0
configure:16382: result: yes
configure:16395: : CXXFLAGS="$CXXFLAGS $flag"
configure:16398: $? = 0
configure:16354: checking whether C++ compiler accepts -Wno-unused-local-typedef
configure:16373: clang++ -c -w -std=c++11  -pthread -Wall -Wno-unused-command-line-argument -Qunused-arguments  -Wno-unused-local-typedef  conftest.cpp >&5
configure:16373: $? = 0
configure:16382: result: yes
configure:16395: : CXXFLAGS="$CXXFLAGS $flag"
configure:16398: $? = 0
configure:16354: checking whether C++ compiler accepts -Wno-unknown-warning-option
configure:16373: clang++ -c -w -std=c++11  -pthread -Wall -Wno-unused-command-line-argument -Qunused-arguments -Wno-unused-local-typedef  -Wno-unknown-warning-option  conftest.cpp >&5
configure:16373: $? = 0
configure:16382: result: yes
configure:16395: : CXXFLAGS="$CXXFLAGS $flag"
configure:16398: $? = 0
configure:16354: checking whether C++ compiler accepts -Werror=unused-result
configure:16373: clang++ -c -w -std=c++11  -pthread -Wall -Wno-unused-command-line-argument -Qunused-arguments -Wno-unused-local-typedef -Wno-unknown-warning-option  -Werror=unused-result  conftest.cpp >&5
configure:16373: $? = 0
configure:16382: result: yes
configure:16395: : CXXFLAGS="$CXXFLAGS $flag"
configure:16398: $? = 0
configure:16354: checking whether C++ compiler accepts -fcolor-diagnostics
configure:16373: clang++ -c -w -std=c++11  -pthread -Wall -Wno-unused-command-line-argument -Qunused-arguments -Wno-unused-local-typedef -Wno-unknown-warning-option -Werror=unused-result  -fcolor-diagnostics  conftest.cpp >&5
configure:16373: $? = 0
configure:16382: result: yes
configure:16395: : CXXFLAGS="$CXXFLAGS $flag"
configure:16398: $? = 0
configure:16423: checking whether C compiler accepts -Wall
configure:16442: clang -c -g -O2  -Wall  conftest.c >&5
configure:16442: $? = 0
configure:16451: result: yes
configure:16464: : CFLAGS="$CFLAGS $flag"
configure:16467: $? = 0
configure:16423: checking whether C compiler accepts -Wno-unused-command-line-argument
configure:16442: clang -c -g -O2 -Wall  -Wno-unused-command-line-argument  conftest.c >&5
configure:16442: $? = 0
configure:16451: result: yes
configure:16464: : CFLAGS="$CFLAGS $flag"
configure:16467: $? = 0
configure:16423: checking whether C compiler accepts -Qunused-arguments
configure:16442: clang -c -g -O2 -Wall -Wno-unused-command-line-argument  -Qunused-arguments  conftest.c >&5
configure:16442: $? = 0
configure:16451: result: yes
configure:16464: : CFLAGS="$CFLAGS $flag"
configure:16467: $? = 0
configure:16423: checking whether C compiler accepts -Wno-unused-local-typedef
configure:16442: clang -c -g -O2 -Wall -Wno-unused-command-line-argument -Qunused-arguments  -Wno-unused-local-typedef  conftest.c >&5
configure:16442: $? = 0
configure:16451: result: yes
configure:16464: : CFLAGS="$CFLAGS $flag"
configure:16467: $? = 0
configure:16423: checking whether C compiler accepts -Wno-unknown-warning-option
configure:16442: clang -c -g -O2 -Wall -Wno-unused-command-line-argument -Qunused-arguments -Wno-unused-local-typedef  -Wno-unknown-warning-option  conftest.c >&5
configure:16442: $? = 0
configure:16451: result: yes
configure:16464: : CFLAGS="$CFLAGS $flag"
configure:16467: $? = 0
configure:16423: checking whether C compiler accepts -Werror=unused-result
configure:16442: clang -c -g -O2 -Wall -Wno-unused-command-line-argument -Qunused-arguments -Wno-unused-local-typedef -Wno-unknown-warning-option  -Werror=unused-result  conftest.c >&5
configure:16442: $? = 0
configure:16451: result: yes
configure:16464: : CFLAGS="$CFLAGS $flag"
configure:16467: $? = 0
configure:16423: checking whether C compiler accepts -fcolor-diagnostics
configure:16442: clang -c -g -O2 -Wall -Wno-unused-command-line-argument -Qunused-arguments -Wno-unused-local-typedef -Wno-unknown-warning-option -Werror=unused-result  -fcolor-diagnostics  conftest.c >&5
configure:16442: $? = 0
configure:16451: result: yes
configure:16464: : CFLAGS="$CFLAGS $flag"
configure:16467: $? = 0
configure:16821: checking for clang-format-5.0
configure:16851: result: no
configure:16821: checking for clang-format
configure:16851: result: no
configure:16880: checking for valgrind
configure:16910: result: no
configure:16916: checking whether to enable Valgrind on the unit tests
configure:16937: result: yes
configure:17176: checking for pkg-config
configure:17194: found /usr/bin/pkg-config
configure:17206: result: /usr/bin/pkg-config
configure:17231: checking pkg-config is at least version 0.9.0
configure:17234: result: yes
configure:17244: checking for sqlite3
configure:17251: $PKG_CONFIG --exists --print-errors "sqlite3 >= 3.8.0"
configure:17254: $? = 0
configure:17268: $PKG_CONFIG --exists --print-errors "sqlite3 >= 3.8.0"
configure:17271: $? = 0
configure:17309: result: yes
configure:17330: checking for libsodium
configure:17337: $PKG_CONFIG --exists --print-errors "libsodium >= 1.0.13"
Requested 'libsodium >= 1.0.13' but version of libsodium is 1.0.8
configure:17340: $? = 1
configure:17354: $PKG_CONFIG --exists --print-errors "libsodium >= 1.0.13"
Requested 'libsodium >= 1.0.13' but version of libsodium is 1.0.8
configure:17357: $? = 1
configure:17371: result: no
Requested 'libsodium >= 1.0.13' but version of libsodium is 1.0.8
configure:17431: checking for libsodium
configure:17438: $PKG_CONFIG --exists --print-errors "libsodium"
configure:17441: $? = 0
configure:17455: $PKG_CONFIG --exists --print-errors "libsodium"
configure:17458: $? = 0
configure:17516: result: yes
configure:17564: checking for xdrpp
configure:17571: $PKG_CONFIG --exists --print-errors "xdrpp"
Package xdrpp was not found in the pkg-config search path.
Perhaps you should add the directory containing `xdrpp.pc'
to the PKG_CONFIG_PATH environment variable
No package 'xdrpp' found
configure:17574: $? = 1
configure:17588: $PKG_CONFIG --exists --print-errors "xdrpp"
Package xdrpp was not found in the pkg-config search path.
Perhaps you should add the directory containing `xdrpp.pc'
to the PKG_CONFIG_PATH environment variable
No package 'xdrpp' found
configure:17591: $? = 1
configure:17605: result: no
No package 'xdrpp' found
configure:17621: error: Package requirements (xdrpp) were not met:

No package 'xdrpp' found

Consider adjusting the PKG_CONFIG_PATH environment variable if you
installed software in a non-standard prefix.

Alternatively, you may set the environment variables xdrpp_CFLAGS
and xdrpp_LIBS to avoid the need to call pkg-config.
See the pkg-config man page for more details.

## ---------------- ##
## Cache variables. ##
## ---------------- ##

ac_cv_build=x86_64-pc-linux-gnu
ac_cv_c_compiler_gnu=yes
ac_cv_cxx_compiler_gnu=yes
ac_cv_env_CCC_set=
ac_cv_env_CCC_value=
ac_cv_env_CC_set=
ac_cv_env_CC_value=
ac_cv_env_CFLAGS_set=
ac_cv_env_CFLAGS_value=
ac_cv_env_CPPFLAGS_set=
ac_cv_env_CPPFLAGS_value=
ac_cv_env_CPP_set=
ac_cv_env_CPP_value=
ac_cv_env_CXXCPP_set=
ac_cv_env_CXXCPP_value=
ac_cv_env_CXXFLAGS_set=set
ac_cv_env_CXXFLAGS_value=-w
ac_cv_env_CXX_set=
ac_cv_env_CXX_value=
ac_cv_env_LDFLAGS_set=
ac_cv_env_LDFLAGS_value=
ac_cv_env_LIBS_set=
ac_cv_env_LIBS_value=
ac_cv_env_LT_SYS_LIBRARY_PATH_set=
ac_cv_env_LT_SYS_LIBRARY_PATH_value=
ac_cv_env_PKG_CONFIG_LIBDIR_set=
ac_cv_env_PKG_CONFIG_LIBDIR_value=
ac_cv_env_PKG_CONFIG_PATH_set=
ac_cv_env_PKG_CONFIG_PATH_value=
ac_cv_env_PKG_CONFIG_set=
ac_cv_env_PKG_CONFIG_value=
ac_cv_env_build_alias_set=
ac_cv_env_build_alias_value=
ac_cv_env_host_alias_set=
ac_cv_env_host_alias_value=
ac_cv_env_libmedida_CFLAGS_set=
ac_cv_env_libmedida_CFLAGS_value=
ac_cv_env_libmedida_LIBS_set=
ac_cv_env_libmedida_LIBS_value=
ac_cv_env_libpq_CFLAGS_set=
ac_cv_env_libpq_CFLAGS_value=
ac_cv_env_libpq_LIBS_set=
ac_cv_env_libpq_LIBS_value=
ac_cv_env_libsodium_CFLAGS_set=
ac_cv_env_libsodium_CFLAGS_value=
ac_cv_env_libsodium_LIBS_set=
ac_cv_env_libsodium_LIBS_value=
ac_cv_env_sqlite3_CFLAGS_set=
ac_cv_env_sqlite3_CFLAGS_value=
ac_cv_env_sqlite3_LIBS_set=
ac_cv_env_sqlite3_LIBS_value=
ac_cv_env_target_alias_set=
ac_cv_env_target_alias_value=
ac_cv_env_xdrpp_CFLAGS_set=
ac_cv_env_xdrpp_CFLAGS_value=
ac_cv_env_xdrpp_LIBS_set=
ac_cv_env_xdrpp_LIBS_value=
ac_cv_header_dlfcn_h=yes
ac_cv_header_inttypes_h=yes
ac_cv_header_memory_h=yes
ac_cv_header_stdc=yes
ac_cv_header_stdint_h=yes
ac_cv_header_stdlib_h=yes
ac_cv_header_string_h=yes
ac_cv_header_strings_h=yes
ac_cv_header_sys_stat_h=yes
ac_cv_header_sys_types_h=yes
ac_cv_header_unistd_h=yes
ac_cv_host=x86_64-pc-linux-gnu
ac_cv_objext=o
ac_cv_path_EGREP='/bin/grep -E'
ac_cv_path_FGREP='/bin/grep -F'
ac_cv_path_GREP=/bin/grep
ac_cv_path_SED=/bin/sed
ac_cv_path_ac_pt_PKG_CONFIG=/usr/bin/pkg-config
ac_cv_path_install='/usr/bin/install -c'
ac_cv_path_lt_DD=/bin/dd
ac_cv_path_mkdir=/bin/mkdir
ac_cv_prog_AWK=gawk
ac_cv_prog_CPP='clang -E'
ac_cv_prog_CXXCPP='clang++ -E'
ac_cv_prog_ac_ct_AR=ar
ac_cv_prog_ac_ct_CC=clang
ac_cv_prog_ac_ct_CXX=clang++
ac_cv_prog_ac_ct_MANIFEST_TOOL=mt
ac_cv_prog_ac_ct_OBJDUMP=objdump
ac_cv_prog_ac_ct_RANLIB=ranlib
ac_cv_prog_ac_ct_STRIP=strip
ac_cv_prog_cc_c89=
ac_cv_prog_cc_g=yes
ac_cv_prog_cxx_g=yes
ac_cv_prog_make_make_set=yes
am_cv_CC_dependencies_compiler_type=gcc3
am_cv_CXX_dependencies_compiler_type=gcc3
am_cv_ar_interface=ar
am_cv_make_support_nested_variables=yes
am_cv_prog_cc_c_o=yes
am_cv_prog_tar_ustar=gnutar
ax_cv_check_cflags___Qunused_arguments=yes
ax_cv_check_cflags___Wall=yes
ax_cv_check_cflags___Werror_unused_result=yes
ax_cv_check_cflags___Wno_unknown_warning_option=yes
ax_cv_check_cflags___Wno_unused_command_line_argument=yes
ax_cv_check_cflags___Wno_unused_local_typedef=yes
ax_cv_check_cflags___fcolor_diagnostics=yes
ax_cv_check_cxxflags__=yes
ax_cv_check_cxxflags___Qunused_arguments=yes
ax_cv_check_cxxflags___Wall=yes
ax_cv_check_cxxflags___Werror_unused_result=yes
ax_cv_check_cxxflags___Wno_unknown_warning_option=yes
ax_cv_check_cxxflags___Wno_unused_command_line_argument=yes
ax_cv_check_cxxflags___Wno_unused_local_typedef=yes
ax_cv_check_cxxflags___fcolor_diagnostics=yes
ax_cv_check_cxxflags___pthread=yes
ax_cv_cxx_compile_cxx11=no
ax_cv_cxx_compile_cxx11__std_cpp11=yes
lt_cv_ar_at_file=@
lt_cv_deplibs_check_method=pass_all
lt_cv_file_magic_cmd='$MAGIC_CMD'
lt_cv_file_magic_test_file=
lt_cv_ld_reload_flag=-r
lt_cv_nm_interface='BSD nm'
lt_cv_objdir=.libs
lt_cv_path_LD=/usr/bin/ld
lt_cv_path_LDCXX='/usr/bin/ld -m elf_x86_64'
lt_cv_path_NM='/usr/bin/nm -B'
lt_cv_path_mainfest_tool=no
lt_cv_prog_compiler_c_o=yes
lt_cv_prog_compiler_c_o_CXX=yes
lt_cv_prog_compiler_pic='-fPIC -DPIC'
lt_cv_prog_compiler_pic_CXX='-fPIC -DPIC'
lt_cv_prog_compiler_pic_works=yes
lt_cv_prog_compiler_pic_works_CXX=yes
lt_cv_prog_compiler_rtti_exceptions=yes
lt_cv_prog_compiler_static_works=yes
lt_cv_prog_compiler_static_works_CXX=yes
lt_cv_prog_gnu_ld=yes
lt_cv_prog_gnu_ldcxx=yes
lt_cv_sharedlib_from_linklib_cmd='printf %s\n'
lt_cv_shlibpath_overrides_runpath=no
lt_cv_sys_global_symbol_pipe='sed -n -e '\''s/^.*[	 ]\([ABCDGIRSTW][ABCDGIRSTW]*\)[	 ][	 ]*\([_A-Za-z][_A-Za-z0-9]*\)$/\1 \2 \2/p'\'' | sed '\''/ __gnu_lto/d'\'''
lt_cv_sys_global_symbol_to_c_name_address='sed -n -e '\''s/^: \(.*\) .*$/  {"\1", (void *) 0},/p'\'' -e '\''s/^[ABCDGIRSTW][ABCDGIRSTW]* .* \(.*\)$/  {"\1", (void *) \&\1},/p'\'''
lt_cv_sys_global_symbol_to_c_name_address_lib_prefix='sed -n -e '\''s/^: \(.*\) .*$/  {"\1", (void *) 0},/p'\'' -e '\''s/^[ABCDGIRSTW][ABCDGIRSTW]* .* \(lib.*\)$/  {"\1", (void *) \&\1},/p'\'' -e '\''s/^[ABCDGIRSTW][ABCDGIRSTW]* .* \(.*\)$/  {"lib\1", (void *) \&\1},/p'\'''
lt_cv_sys_global_symbol_to_cdecl='sed -n -e '\''s/^T .* \(.*\)$/extern int \1();/p'\'' -e '\''s/^[ABCDGIRSTW][ABCDGIRSTW]* .* \(.*\)$/extern char \1;/p'\'''
lt_cv_sys_global_symbol_to_import=
lt_cv_sys_max_cmd_len=1572864
lt_cv_to_host_file_cmd=func_convert_file_noop
lt_cv_to_tool_file_cmd=func_convert_file_noop
lt_cv_truncate_bin='/bin/dd bs=4096 count=1'
pkg_cv_libsodium_CFLAGS=
pkg_cv_libsodium_LIBS=-lsodium
pkg_cv_sqlite3_CFLAGS=
pkg_cv_sqlite3_LIBS=-lsqlite3

## ----------------- ##
## Output variables. ##
## ----------------- ##












			$(MAKE) $(AM_MAKEFLAGS) -k check-valgrind-tool VALGRIND_TOOL=$(tool); \
		$(if $(VALGRIND_HAVE_TOOL_$(tool))$(VALGRIND_HAVE_TOOL_exp_$(tool)), \
		) \
		LOG_COMPILER="$(VALGRIND_LOG_COMPILER)" \
		LOG_FLAGS="$(valgrind_$(VALGRIND_TOOL)_flags)" \
		TESTS_ENVIRONMENT="$(VALGRIND_TESTS_ENVIRONMENT)" \
		TEST_SUITE_LOG=test-suite-$(VALGRIND_TOOL).log
	$(MAKE) check-TESTS \
	$(TESTS_ENVIRONMENT) \
	$(VALGRIND) $(VALGRIND_SUPPRESSIONS) --error-exitcode=1 $(VALGRIND_FLAGS)
	)
	-$(foreach tool,$(valgrind_tools), \
	@echo "Need to reconfigure with --enable-valgrind"
	@echo "Need to reconfigure with --enable-valgrind"
	G_DEBUG=fatal-warnings,fatal-criticals,gc-friendly
	G_SLICE=always-malloc,debug-blocks \
	env VALGRIND=$(VALGRIND) \
#
#    (Default: --num-callers=30)
#    files to load. (Default: empty)
#    memcheck, helgrind, drd, sgcheck). (Default: various)
#  - VALGRIND_$toolname_FLAGS: Flags to pass to Valgrind $toolname (one of:
#  - VALGRIND_FLAGS: General flags to pass to all Valgrind tools.
#  - VALGRIND_SUPPRESSIONS_FILES: Space-separated list of Valgrind suppressions
# Internal use
# Optional variables
# Optional:
# Use recursive makes in order to ignore errors during check
# Valgrind check
# Valgrind running
'
.PHONY: check-valgrind check-valgrind-tool
ACLOCAL='${SHELL} /root/stellartest/missing aclocal-1.15'
AFL_CLANG=''
AFL_CLANGPP=''
AFL_FUZZ=''
AFL_GCC=''
AFL_GPP=''
AMDEPBACKSLASH='\'
AMDEP_FALSE='#'
AMDEP_TRUE=''
AMTAR='$${TAR-tar}'
AM_BACKSLASH='\'
AM_DEFAULT_V='$(AM_DEFAULT_VERBOSITY)'
AM_DEFAULT_VERBOSITY='0'
AM_V='$(V)'
AR='ar'
AUTOCONF='${SHELL} /root/stellartest/missing autoconf'
AUTOHEADER='${SHELL} /root/stellartest/missing autoheader'
AUTOMAKE='${SHELL} /root/stellartest/missing automake-1.15'
AWK='gawk'
CC='clang'
CCACHE=''
CCDEPMODE='depmode=gcc3'
CFLAGS='-g -O2 -Wall -Wno-unused-command-line-argument -Qunused-arguments -Wno-unused-local-typedef -Wno-unknown-warning-option -Werror=unused-result -fcolor-diagnostics'
CLANG_FORMAT=''
CPP='clang -E'
CPPFLAGS=''
CXX='clang++'
CXXCPP='clang++ -E'
CXXDEPMODE='depmode=gcc3'
CXXFLAGS='-w -std=c++11  -pthread -Wall -Wno-unused-command-line-argument -Qunused-arguments -Wno-unused-local-typedef -Wno-unknown-warning-option -Werror=unused-result -fcolor-diagnostics'
CYGPATH_W='echo'
DEFS=''
DEPDIR='.deps'
DISTCHECK_CONFIGURE_FLAGS += --disable-valgrind
DISTCHECK_CONFIGURE_FLAGS ?=
DLLTOOL='false'
DSYMUTIL=''
DUMPBIN=''
ECHO_C=''
ECHO_N='-n'
ECHO_T=''
EGREP='/bin/grep -E'
EXEEXT=''
FGREP='/bin/grep -F'
GREP='/bin/grep'
HAVE_CXX11=''
INSTALL_DATA='${INSTALL} -m 644'
INSTALL_PROGRAM='${INSTALL}'
INSTALL_SCRIPT='${INSTALL}'
INSTALL_STRIP_PROGRAM='$(install_sh) -c -s'
LD='/usr/bin/ld -m elf_x86_64'
LDFLAGS=''
LIBMEDIDA_INTERNAL_FALSE=''
LIBMEDIDA_INTERNAL_TRUE=''
LIBOBJS=''
LIBS=''
LIBSODIUM_INTERNAL_FALSE=''
LIBSODIUM_INTERNAL_TRUE='#'
LIBTOOL='$(SHELL) $(top_builddir)/libtool'
LIBTOOL_DEPS='./ltmain.sh'
LIPO=''
LN_S='ln -s'
LTLIBOBJS=''
LT_SYS_LIBRARY_PATH=''
MAKEINFO='${SHELL} /root/stellartest/missing makeinfo'
MANIFEST_TOOL=':'
MKDIR_P='/bin/mkdir -p'
MOSTLYCLEANFILES += $(valgrind_log_files)
MOSTLYCLEANFILES ?=
NM='/usr/bin/nm -B'
NMEDIT=''
OBJDUMP='objdump'
OBJEXT='o'
OTOOL64=''
OTOOL=''
PACKAGE='stellar-core'
PACKAGE_BUGREPORT=''
PACKAGE_NAME='stellar-core'
PACKAGE_STRING='stellar-core 0.1'
PACKAGE_TARNAME='stellar-core'
PACKAGE_URL='http://www.stellar.org'
PACKAGE_VERSION='0.1'
PATH_SEPARATOR=':'
PKGCONFIG_SUBDIRS=''
PKG_CONFIG='/usr/bin/pkg-config'
PKG_CONFIG_LIBDIR=''
PKG_CONFIG_PATH=''
RANLIB='ranlib'
SED='/bin/sed'
SET_MAKE=''
SHELL='/bin/bash'
SQLITE3_INTERNAL_FALSE=''
SQLITE3_INTERNAL_TRUE='#'
STRIP='strip'
USE_AFL_FUZZ_FALSE=''
USE_AFL_FUZZ_TRUE='#'
USE_CLANG_FORMAT_FALSE=''
USE_CLANG_FORMAT_TRUE='#'
USE_POSTGRES_FALSE=''
USE_POSTGRES_TRUE=''
VALGRIND=''
VALGRIND_CHECK_RULES='
VALGRIND_ENABLED='yes'
VALGRIND_ENABLED_FALSE='#'
VALGRIND_ENABLED_TRUE=''
VALGRIND_FLAGS ?= --num-callers=30
VALGRIND_HAVE_TOOL_drd=''
VALGRIND_HAVE_TOOL_exp_sgcheck=''
VALGRIND_HAVE_TOOL_helgrind=''
VALGRIND_HAVE_TOOL_memcheck=''
VALGRIND_LOG_COMPILER = \
VALGRIND_SUPPRESSIONS ?= $(addprefix --suppressions=,$(VALGRIND_SUPPRESSIONS_FILES))
VALGRIND_TESTS_ENVIRONMENT = \
VALGRIND_drd_FLAGS ?=
VALGRIND_helgrind_FLAGS ?= --history-level=approx
VALGRIND_memcheck_FLAGS ?= --leak-check=full --show-reachable=no
VALGRIND_sgcheck_FLAGS ?=
VERSION='0.1'
XDRC=''
XDRPP_INTERNAL_FALSE=''
XDRPP_INTERNAL_TRUE=''
ac_ct_AR='ar'
ac_ct_CC='clang'
ac_ct_CXX='clang++'
ac_ct_DUMPBIN=''
am__EXEEXT_FALSE=''
am__EXEEXT_TRUE=''
am__fastdepCC_FALSE='#'
am__fastdepCC_TRUE=''
am__fastdepCXX_FALSE='#'
am__fastdepCXX_TRUE=''
am__include='include'
am__isrc=''
am__leading_dot='.'
am__nodep='_no'
am__quote=''
am__tar='tar --format=ustar -chf - "$$tardir"'
am__untar='tar -xf -'
bindir='${exec_prefix}/bin'
build='x86_64-pc-linux-gnu'
build_alias=''
build_cpu='x86_64'
build_os='linux-gnu'
build_vendor='pc'
check-valgrind-tool:
check-valgrind:
datadir='${datarootdir}'
datarootdir='${prefix}/share'
docdir='${datarootdir}/doc/${PACKAGE_TARNAME}'
dvidir='${docdir}'
else
else
endif
endif
exec_prefix='NONE'
host='x86_64-pc-linux-gnu'
host_alias=''
host_cpu='x86_64'
host_os='linux-gnu'
host_vendor='pc'
htmldir='${docdir}'
ifeq ($(VALGRIND_ENABLED),yes)
ifeq ($(VALGRIND_ENABLED),yes)
includedir='${prefix}/include'
infodir='${datarootdir}/info'
install_sh='${SHELL} /root/stellartest/install-sh'
libdir='${exec_prefix}/lib'
libexecdir='${exec_prefix}/libexec'
libmedida_CFLAGS=''
libmedida_LIBS=''
libpq_CFLAGS=''
libpq_LIBS=''
libsodium_CFLAGS=''
libsodium_LIBS='-lsodium'
localedir='${datarootdir}/locale'
localstatedir='${prefix}/var'
mandir='${datarootdir}/man'
mkdir_p='$(MKDIR_P)'
oldincludedir='/usr/include'
pdfdir='${docdir}'
prefix='NONE'
program_transform_name='s,x,x,'
psdir='${docdir}'
runstatedir='${localstatedir}/run'
sbindir='${exec_prefix}/sbin'
sharedstatedir='${prefix}/com'
soci_CFLAGS=''
soci_LIBS=''
sqlite3_CFLAGS=''
sqlite3_LIBS='-lsqlite3'
subdirs=''
sysconfdir='${prefix}/etc'
target_alias=''
valgrind_drd_flags = --tool=drd $(VALGRIND_drd_FLAGS)
valgrind_helgrind_flags = --tool=helgrind $(VALGRIND_helgrind_FLAGS)
valgrind_log_files = $(addprefix test-suite-,$(addsuffix .log,$(valgrind_tools)))
valgrind_memcheck_flags = --tool=memcheck $(VALGRIND_memcheck_FLAGS)
valgrind_quiet = $(valgrind_quiet_$(V))
valgrind_quiet_ = $(valgrind_quiet_$(AM_DEFAULT_VERBOSITY))
valgrind_quiet_0 = --quiet
valgrind_sgcheck_flags = --tool=exp-sgcheck $(VALGRIND_sgcheck_FLAGS)
valgrind_tools = memcheck helgrind drd sgcheck
xdrpp_CFLAGS=''
xdrpp_LIBS=''

## ----------- ##
## confdefs.h. ##
## ----------- ##

/* confdefs.h */
#define PACKAGE_NAME "stellar-core"
#define PACKAGE_TARNAME "stellar-core"
#define PACKAGE_VERSION "0.1"
#define PACKAGE_STRING "stellar-core 0.1"
#define PACKAGE_BUGREPORT ""
#define PACKAGE_URL "http://www.stellar.org"
#define PACKAGE "stellar-core"
#define VERSION "0.1"
#define STDC_HEADERS 1
#define HAVE_SYS_TYPES_H 1
#define HAVE_SYS_STAT_H 1
#define HAVE_STDLIB_H 1
#define HAVE_STRING_H 1
#define HAVE_MEMORY_H 1
#define HAVE_STRINGS_H 1
#define HAVE_INTTYPES_H 1
#define HAVE_STDINT_H 1
#define HAVE_UNISTD_H 1
#define HAVE_DLFCN_H 1
#define LT_OBJDIR ".libs/"

configure: exit 1
